<?xml version="1.0" encoding="UTF-8"?>
<!-- Generated by org.testng.reporters.JUnitReportReporter -->
<testsuite skipped="0" hostname="pradeep" name="org.demo.DemoCommerce" tests="1" failures="0" timestamp="21 Mar 2023 17:27:58 GMT" time="4.308" errors="0">
  <testcase name="test" time="4.308" classname="org.demo.DemoCommerce"/>
</testsuite> <!-- org.demo.DemoCommerce -->
