<?xml version="1.0" encoding="UTF-8"?>
<!-- Generated by org.testng.reporters.JUnitReportReporter -->
<testsuite skipped="0" hostname="pradeep" name="com.demo.Testing1" tests="1" failures="0" timestamp="27 Mar 2023 17:49:20 GMT" time="4.440" errors="0">
  <testcase name="test1" time="4.440" classname="com.demo.Testing1"/>
</testsuite> <!-- com.demo.Testing1 -->
