<?xml version="1.0" encoding="UTF-8"?>
<!-- Generated by org.testng.reporters.JUnitReportReporter -->
<testsuite skipped="0" hostname="pradeep" name="com.demo.Testing2" tests="3" failures="0" timestamp="24 Mar 2023 17:10:49 GMT" time="0.004" errors="0">
  <testcase name="test41" time="0.001" classname="com.demo.Testing2"/>
  <testcase name="test21" time="0.002" classname="com.demo.Testing2"/>
  <testcase name="test31" time="0.001" classname="com.demo.Testing2"/>
</testsuite> <!-- com.demo.Testing2 -->
