<?xml version="1.0" encoding="UTF-8"?>
<!-- Generated by org.testng.reporters.JUnitReportReporter -->
<testsuite skipped="0" hostname="pradeep" name="org.test.SampleTest" tests="5" failures="0" timestamp="20 Mar 2023 11:55:00 GMT" time="0.016" errors="0">
  <testcase name="test1" time="0.009" classname="org.test.SampleTest"/>
  <testcase name="test2" time="0.000" classname="org.test.SampleTest"/>
  <testcase name="test5" time="0.007" classname="org.test.SampleTest"/>
  <testcase name="test4" time="0.000" classname="org.test.SampleTest"/>
  <testcase name="test3" time="0.000" classname="org.test.SampleTest"/>
</testsuite> <!-- org.test.SampleTest -->
