<?xml version="1.0" encoding="UTF-8"?>
<!-- Generated by org.testng.reporters.JUnitReportReporter -->
<testsuite skipped="0" hostname="pradeep" name="com.demo.Testing" tests="1" failures="0" timestamp="25 Mar 2023 04:17:44 GMT" time="3.562" errors="0">
  <testcase name="test1" time="3.562" classname="com.demo.Testing"/>
</testsuite> <!-- com.demo.Testing -->
